Watching for file changes with StatReloader
System check identified some issues:

WARNINGS:
todos.Todo: (models.W042) Auto-created primary key used when not defining a primary key type, by default 'django.db.models.AutoField'.
	HINT: Configure the DEFAULT_AUTO_FIELD setting or the TodosConfig.default_auto_field attribute to point to a subclass of AutoField, e.g. 'django.db.models.BigAutoField'.

System check identified 1 issue (0 silenced).
[20/Dec/2023 21:50:29] "GET /todos/ HTTP/1.1" 200 4779
Watching for file changes with StatReloader
System check identified some issues:

WARNINGS:
todos.Todo: (models.W042) Auto-created primary key used when not defining a primary key type, by default 'django.db.models.AutoField'.
	HINT: Configure the DEFAULT_AUTO_FIELD setting or the TodosConfig.default_auto_field attribute to point to a subclass of AutoField, e.g. 'django.db.models.BigAutoField'.

System check identified 1 issue (0 silenced).
[20/Dec/2023 21:52:11] "GET /todos/ HTTP/1.1" 200 4779
[20/Dec/2023 21:52:11] "GET /static/css/style.css HTTP/1.1" 304 0
Watching for file changes with StatReloader
System check identified some issues:

WARNINGS:
todos.Todo: (models.W042) Auto-created primary key used when not defining a primary key type, by default 'django.db.models.AutoField'.
	HINT: Configure the DEFAULT_AUTO_FIELD setting or the TodosConfig.default_auto_field attribute to point to a subclass of AutoField, e.g. 'django.db.models.BigAutoField'.

System check identified 1 issue (0 silenced).
[20/Dec/2023 22:43:16] "GET /todos/ HTTP/1.1" 200 4709
[20/Dec/2023 22:44:10] "GET /todos/ HTTP/1.1" 200 4709
[20/Dec/2023 22:44:13] "GET /todos/ HTTP/1.1" 200 4709
[20/Dec/2023 22:44:14] "GET /todos/ HTTP/1.1" 200 4709
[20/Dec/2023 22:44:17] "GET /todos/ HTTP/1.1" 200 4709
[20/Dec/2023 22:44:17] "GET /todos/ HTTP/1.1" 200 4709
[20/Dec/2023 22:44:18] "GET /todos/ HTTP/1.1" 200 4709
[20/Dec/2023 22:44:19] "GET /todos/ HTTP/1.1" 200 4709
[20/Dec/2023 22:44:51] "GET /todos/ HTTP/1.1" 200 4709
[20/Dec/2023 22:44:55] "GET /todos/ HTTP/1.1" 200 4709
[20/Dec/2023 22:44:56] "GET /todos/ HTTP/1.1" 200 4709
[20/Dec/2023 22:44:57] "GET /todos/ HTTP/1.1" 200 4709
[20/Dec/2023 22:44:57] "GET /todos/ HTTP/1.1" 200 4709
[20/Dec/2023 22:44:58] "GET /todos/ HTTP/1.1" 200 4709
[20/Dec/2023 22:45:37] "POST /todos/add/ HTTP/1.1" 302 0
[20/Dec/2023 22:45:38] "GET /todos/ HTTP/1.1" 200 5328
[20/Dec/2023 22:46:35] "POST /todos/add/ HTTP/1.1" 302 0
[20/Dec/2023 22:46:35] "GET /todos/ HTTP/1.1" 200 5935
[20/Dec/2023 22:47:06] "GET /todos/ HTTP/1.1" 200 5935
[20/Dec/2023 22:47:19] "GET /todos/ HTTP/1.1" 200 5935
[20/Dec/2023 22:47:44] "POST /todos/26/update HTTP/1.1" 302 0
[20/Dec/2023 22:47:44] "GET /todos/ HTTP/1.1" 200 5972
[20/Dec/2023 22:47:52] "GET /todos/ HTTP/1.1" 200 5972
[20/Dec/2023 22:47:52] "GET /static/css/style.css HTTP/1.1" 200 225
[20/Dec/2023 22:48:15] "POST /todos/add/ HTTP/1.1" 302 0
[20/Dec/2023 22:48:15] "GET /todos/ HTTP/1.1" 200 6557
[20/Dec/2023 22:48:18] "POST /todos/27/update HTTP/1.1" 302 0
[20/Dec/2023 22:48:18] "GET /todos/ HTTP/1.1" 200 6594
[20/Dec/2023 22:48:19] "POST /todos/27/update HTTP/1.1" 302 0
[20/Dec/2023 22:48:19] "GET /todos/ HTTP/1.1" 200 6557
[20/Dec/2023 22:48:20] "GET /todos/26/delete HTTP/1.1" 302 0
[20/Dec/2023 22:48:20] "GET /todos/ HTTP/1.1" 200 5913
[20/Dec/2023 22:48:21] "POST /todos/25/update HTTP/1.1" 302 0
[20/Dec/2023 22:48:21] "GET /todos/ HTTP/1.1" 200 5950
[20/Dec/2023 22:48:22] "GET /todos/25/delete HTTP/1.1" 302 0
[20/Dec/2023 22:48:22] "GET /todos/ HTTP/1.1" 200 5294
[20/Dec/2023 22:48:23] "POST /todos/24/update HTTP/1.1" 302 0
[20/Dec/2023 22:48:23] "GET /todos/ HTTP/1.1" 200 5331
[20/Dec/2023 22:48:23] "GET /todos/24/delete HTTP/1.1" 302 0
[20/Dec/2023 22:48:23] "GET /todos/ HTTP/1.1" 200 4699
[20/Dec/2023 22:48:24] "POST /todos/23/update HTTP/1.1" 302 0
[20/Dec/2023 22:48:24] "GET /todos/ HTTP/1.1" 200 4736
[20/Dec/2023 22:48:24] "GET /todos/23/delete HTTP/1.1" 302 0
[20/Dec/2023 22:48:24] "GET /todos/ HTTP/1.1" 200 4100
[20/Dec/2023 22:48:25] "POST /todos/3/update HTTP/1.1" 302 0
[20/Dec/2023 22:48:25] "GET /todos/ HTTP/1.1" 200 4137
[20/Dec/2023 22:48:26] "GET /todos/3/delete HTTP/1.1" 302 0
[20/Dec/2023 22:48:26] "GET /todos/ HTTP/1.1" 200 3505
[20/Dec/2023 22:48:26] "POST /todos/2/update HTTP/1.1" 302 0
[20/Dec/2023 22:48:26] "GET /todos/ HTTP/1.1" 200 3542
[20/Dec/2023 22:48:27] "GET /todos/2/delete HTTP/1.1" 302 0
[20/Dec/2023 22:48:27] "GET /todos/ HTTP/1.1" 200 2913
[20/Dec/2023 22:48:32] "GET /todos/ HTTP/1.1" 200 2913
[20/Dec/2023 22:48:35] "GET /todos/ HTTP/1.1" 200 2913
[20/Dec/2023 22:48:35] "GET /todos/ HTTP/1.1" 200 2913
[20/Dec/2023 22:48:37,460] - Broken pipe from ('103.68.20.90', 64848)
[20/Dec/2023 22:48:37,461] - Broken pipe from ('103.68.20.90', 64846)
[20/Dec/2023 22:48:37,461] - Broken pipe from ('103.68.20.90', 64828)
Not Found: /todos/2/delete
[20/Dec/2023 22:50:08] "GET /todos/2/delete HTTP/1.1" 404 2532
Not Found: /todos/2/delete
[20/Dec/2023 22:50:14] "GET /todos/2/delete HTTP/1.1" 404 2532
Not Found: /todos/2/delete
[20/Dec/2023 22:50:15] "GET /todos/2/delete HTTP/1.1" 404 2532
Not Found: /todos/2/delete
[20/Dec/2023 22:50:16] "GET /todos/2/delete HTTP/1.1" 404 2532
Not Found: /todos/2/delete
[20/Dec/2023 22:50:17] "GET /todos/2/delete HTTP/1.1" 404 2532
Not Found: /todos/2/delete
[20/Dec/2023 22:50:18] "GET /todos/2/delete HTTP/1.1" 404 2532
Not Found: /todos/2/delete
[20/Dec/2023 22:50:18] "GET /todos/2/delete HTTP/1.1" 404 2532
Not Found: /todos/2/delete
[20/Dec/2023 22:50:19] "GET /todos/2/delete HTTP/1.1" 404 2532
Not Found: /todos/2/delete
[20/Dec/2023 22:50:19] "GET /todos/2/delete HTTP/1.1" 404 2532
Not Found: /todos/2/delete
[20/Dec/2023 22:50:20] "GET /todos/2/delete HTTP/1.1" 404 2532
Not Found: /todos/2/delete
[20/Dec/2023 22:50:20] "GET /todos/2/delete HTTP/1.1" 404 2532
Not Found: /todos/2/delete
[20/Dec/2023 22:50:21] "GET /todos/2/delete HTTP/1.1" 404 2532
Not Found: /todos/2/delete
[20/Dec/2023 22:50:21] "GET /todos/2/delete HTTP/1.1" 404 2532
Not Found: /todos/2/delete
[20/Dec/2023 22:50:21] "GET /todos/2/delete HTTP/1.1" 404 2532
Not Found: /todos/2/delete
[20/Dec/2023 22:50:22] "GET /todos/2/delete HTTP/1.1" 404 2532
Not Found: /todos/3/delete
[20/Dec/2023 22:50:26] "GET /todos/3/delete HTTP/1.1" 404 2532
Not Found: /todos/3/update
[20/Dec/2023 22:50:30] "POST /todos/3/update HTTP/1.1" 404 2727
Not Found: /todos/24/update
[20/Dec/2023 22:50:34] "POST /todos/24/update HTTP/1.1" 404 2730
Not Found: /todos/24/update
[20/Dec/2023 22:50:50] "POST /todos/24/update HTTP/1.1" 404 2730
Not Found: /todos/24/update
[20/Dec/2023 22:50:53] "POST /todos/24/update HTTP/1.1" 404 2730
[20/Dec/2023 22:51:00] "GET /todos/ HTTP/1.1" 200 2913
[20/Dec/2023 22:51:07] "POST /todos/27/update HTTP/1.1" 302 0
[20/Dec/2023 22:51:07] "GET /todos/ HTTP/1.1" 200 2950
[20/Dec/2023 22:51:09] "GET /todos/27/delete HTTP/1.1" 302 0
[20/Dec/2023 22:51:09] "GET /todos/ HTTP/1.1" 200 2328
[20/Dec/2023 22:51:23] "POST /todos/add/ HTTP/1.1" 302 0
[20/Dec/2023 22:51:23] "GET /todos/ HTTP/1.1" 200 2916
[20/Dec/2023 22:51:27] "GET /todos/28/delete HTTP/1.1" 302 0
[20/Dec/2023 22:51:27] "GET /todos/ HTTP/1.1" 200 2328
[20/Dec/2023 22:52:54] "GET /todos/ HTTP/1.1" 200 2328
[20/Dec/2023 22:52:54] "GET /static/css/style.css HTTP/1.1" 304 0
Watching for file changes with StatReloader
System check identified some issues:

WARNINGS:
todos.Todo: (models.W042) Auto-created primary key used when not defining a primary key type, by default 'django.db.models.AutoField'.
	HINT: Configure the DEFAULT_AUTO_FIELD setting or the TodosConfig.default_auto_field attribute to point to a subclass of AutoField, e.g. 'django.db.models.BigAutoField'.

System check identified 1 issue (0 silenced).
[20/Dec/2023 23:19:30] "GET /todos/ HTTP/1.1" 200 2328
[20/Dec/2023 23:19:30] "GET /static/css/style.css HTTP/1.1" 304 0
[20/Dec/2023 23:19:37] "POST /todos/add/ HTTP/1.1" 302 0
[20/Dec/2023 23:19:37] "GET /todos/ HTTP/1.1" 200 2906
[20/Dec/2023 23:19:41] "POST /todos/29/update HTTP/1.1" 302 0
[20/Dec/2023 23:19:41] "GET /todos/ HTTP/1.1" 200 2943
[20/Dec/2023 23:19:42] "GET /todos/29/delete HTTP/1.1" 302 0
[20/Dec/2023 23:19:42] "GET /todos/ HTTP/1.1" 200 2328
[20/Dec/2023 23:21:56] "GET /todos/ HTTP/1.1" 200 2328
